<?xml version="1.0" encoding="UTF-8"?>
<!-- Generated by org.testng.reporters.JUnitXMLReporter -->
<testsuite ignored="0" hostname="LAPTOP-6IA09RRA" failures="0" tests="2" name="Default test" time="27.794" errors="0" timestamp="2024-09-01T14:32:28 IST">
  <testcase classname="testcases.verifyregistration" name="verifyregistrationwithBlanktestdata" time="15.076"/>
  <testcase classname="testcases.verifyregistration" name="verifyregistrationwithvalidtestdata" time="12.68"/>
</testsuite> <!-- Default test -->
