<?xml version="1.0" encoding="UTF-8"?>
<!-- Generated by org.testng.reporters.JUnitXMLReporter -->
<testsuite ignored="0" hostname="LAPTOP-6IA09RRA" failures="0" tests="2" name="Default test" time="9.848" errors="0" timestamp="2025-03-25T22:56:38 IST">
  <testcase classname="testcases.Verifyregistration" name="verifyRegistrationwithBlankdata" time="2.629"/>
  <testcase classname="testcases.Verifyregistration" name="verifyRegistrationwithValiddata" time="2.922"/>
</testsuite> <!-- Default test -->
