<?xml version="1.0" encoding="UTF-8"?>
<testng-results ignored="0" total="4" passed="3" failed="1" skipped="0">
  <reporter-output>
  </reporter-output>
  <suite started-at="2025-03-26T11:52:18 IST" name="Suite" finished-at="2025-03-26T11:52:38 IST" duration-ms="19435">
    <groups>
    </groups>
    <test started-at="2025-03-26T11:52:18 IST" name="Test" finished-at="2025-03-26T11:52:38 IST" duration-ms="19435">
      <class name="testcases.Verifylogin">
        <test-method is-config="true" signature="launchbrowserandopenURL()[pri:0, instance:testcases.Verifylogin@48c76607]" started-at="2025-03-26T11:52:30 IST" name="launchbrowserandopenURL" finished-at="2025-03-26T11:52:33 IST" duration-ms="2132" status="PASS">
          <reporter-output>
          </reporter-output>
        </test-method> <!-- launchbrowserandopenURL -->
        <test-method signature="verifyLoginwithInValiddata()[pri:0, instance:testcases.Verifylogin@48c76607]" started-at="2025-03-26T11:52:33 IST" name="verifyLoginwithInValiddata" finished-at="2025-03-26T11:52:33 IST" duration-ms="845" status="FAIL">
          <exception class="org.openqa.selenium.NoSuchElementException">
            <message>
              <![CDATA[no such element: Unable to locate element: {"method":"xpath","selector":"//div[text()=' Warning: No match for E-Mail Address and/or Password.']"}
  (Session info: chrome=134.0.6998.118)
For documentation on this error, please visit: https://www.selenium.dev/documentation/webdriver/troubleshooting/errors#no-such-element-exception
Build info: version: '4.30.0', revision: '509c7f17cc*'
System info: os.name: 'Windows 11', os.arch: 'amd64', os.version: '10.0', java.version: '21.0.3'
Driver info: org.openqa.selenium.chrome.ChromeDriver
Command: [63cb3dd0246435df5019bbde11ae7b97, findElement {using=xpath, value=//div[text()=' Warning: No match for E-Mail Address and/or Password.']}]
Capabilities {acceptInsecureCerts: false, browserName: chrome, browserVersion: 134.0.6998.118, chrome: {chromedriverVersion: 134.0.6998.165 (fd886e2cb29..., userDataDir: C:\Users\sayli\AppData\Loca...}, fedcm:accounts: true, goog:chromeOptions: {debuggerAddress: localhost:63586}, networkConnectionEnabled: false, pageLoadStrategy: normal, platformName: windows, proxy: Proxy(), se:cdp: ws://localhost:63586/devtoo..., se:cdpVersion: 134.0.6998.118, setWindowRect: true, strictFileInteractability: false, timeouts: {implicit: 0, pageLoad: 300000, script: 30000}, unhandledPromptBehavior: dismiss and notify, webauthn:extension:credBlob: true, webauthn:extension:largeBlob: true, webauthn:extension:minPinLength: true, webauthn:extension:prf: true, webauthn:virtualAuthenticators: true}
Session ID: 63cb3dd0246435df5019bbde11ae7b97]]>
            </message>
            <full-stacktrace>
              <![CDATA[org.openqa.selenium.NoSuchElementException: no such element: Unable to locate element: {"method":"xpath","selector":"//div[text()=' Warning: No match for E-Mail Address and/or Password.']"}
  (Session info: chrome=134.0.6998.118)
For documentation on this error, please visit: https://www.selenium.dev/documentation/webdriver/troubleshooting/errors#no-such-element-exception
Build info: version: '4.30.0', revision: '509c7f17cc*'
System info: os.name: 'Windows 11', os.arch: 'amd64', os.version: '10.0', java.version: '21.0.3'
Driver info: org.openqa.selenium.chrome.ChromeDriver
Command: [63cb3dd0246435df5019bbde11ae7b97, findElement {using=xpath, value=//div[text()=' Warning: No match for E-Mail Address and/or Password.']}]
Capabilities {acceptInsecureCerts: false, browserName: chrome, browserVersion: 134.0.6998.118, chrome: {chromedriverVersion: 134.0.6998.165 (fd886e2cb29..., userDataDir: C:\Users\sayli\AppData\Loca...}, fedcm:accounts: true, goog:chromeOptions: {debuggerAddress: localhost:63586}, networkConnectionEnabled: false, pageLoadStrategy: normal, platformName: windows, proxy: Proxy(), se:cdp: ws://localhost:63586/devtoo..., se:cdpVersion: 134.0.6998.118, setWindowRect: true, strictFileInteractability: false, timeouts: {implicit: 0, pageLoad: 300000, script: 30000}, unhandledPromptBehavior: dismiss and notify, webauthn:extension:credBlob: true, webauthn:extension:largeBlob: true, webauthn:extension:minPinLength: true, webauthn:extension:prf: true, webauthn:virtualAuthenticators: true}
Session ID: 63cb3dd0246435df5019bbde11ae7b97
at java.base/jdk.internal.reflect.DirectConstructorHandleAccessor.newInstance(DirectConstructorHandleAccessor.java:62)
at java.base/java.lang.reflect.Constructor.newInstanceWithCaller(Constructor.java:502)
at java.base/java.lang.reflect.Constructor.newInstance(Constructor.java:486)
at org.openqa.selenium.remote.ErrorCodec.decode(ErrorCodec.java:167)
at org.openqa.selenium.remote.codec.w3c.W3CHttpResponseCodec.decode(W3CHttpResponseCodec.java:138)
at org.openqa.selenium.remote.codec.w3c.W3CHttpResponseCodec.decode(W3CHttpResponseCodec.java:50)
at org.openqa.selenium.remote.HttpCommandExecutor.execute(HttpCommandExecutor.java:215)
at org.openqa.selenium.remote.service.DriverCommandExecutor.invokeExecute(DriverCommandExecutor.java:216)
at org.openqa.selenium.remote.service.DriverCommandExecutor.execute(DriverCommandExecutor.java:174)
at org.openqa.selenium.remote.RemoteWebDriver.execute(RemoteWebDriver.java:545)
at org.openqa.selenium.remote.ElementLocation$ElementFinder$2.findElement(ElementLocation.java:165)
at org.openqa.selenium.remote.ElementLocation.findElement(ElementLocation.java:59)
at org.openqa.selenium.remote.RemoteWebDriver.findElement(RemoteWebDriver.java:368)
at org.openqa.selenium.remote.RemoteWebDriver.findElement(RemoteWebDriver.java:362)
at pageobjectmodel.Loginpageobjects.warningtext(Loginpageobjects.java:58)
at testcases.Verifylogin.verifyLoginwithInValiddata(Verifylogin.java:113)
at java.base/jdk.internal.reflect.DirectMethodHandleAccessor.invoke(DirectMethodHandleAccessor.java:103)
at java.base/java.lang.reflect.Method.invoke(Method.java:580)
at org.testng.internal.MethodInvocationHelper.invokeMethod(MethodInvocationHelper.java:133)
at org.testng.internal.TestInvoker.invokeMethod(TestInvoker.java:598)
at org.testng.internal.TestInvoker.invokeTestMethod(TestInvoker.java:173)
at org.testng.internal.MethodRunner.runInSequence(MethodRunner.java:46)
at org.testng.internal.TestInvoker$MethodInvocationAgent.invoke(TestInvoker.java:824)
at org.testng.internal.TestInvoker.invokeTestMethods(TestInvoker.java:146)
at org.testng.internal.TestMethodWorker.invokeTestMethods(TestMethodWorker.java:146)
at org.testng.internal.TestMethodWorker.run(TestMethodWorker.java:128)
at java.base/java.util.ArrayList.forEach(ArrayList.java:1596)
at org.testng.TestRunner.privateRun(TestRunner.java:794)
at org.testng.TestRunner.run(TestRunner.java:596)
at org.testng.SuiteRunner.runTest(SuiteRunner.java:377)
at org.testng.SuiteRunner.runSequentially(SuiteRunner.java:371)
at org.testng.SuiteRunner.privateRun(SuiteRunner.java:332)
at org.testng.SuiteRunner.run(SuiteRunner.java:276)
at org.testng.SuiteRunnerWorker.runSuite(SuiteRunnerWorker.java:53)
at org.testng.SuiteRunnerWorker.run(SuiteRunnerWorker.java:96)
at org.testng.TestNG.runSuitesSequentially(TestNG.java:1212)
at org.testng.TestNG.runSuitesLocally(TestNG.java:1134)
at org.testng.TestNG.runSuites(TestNG.java:1063)
at org.testng.TestNG.run(TestNG.java:1031)
at org.testng.remote.AbstractRemoteTestNG.run(AbstractRemoteTestNG.java:115)
at org.testng.remote.RemoteTestNG.initAndRun(RemoteTestNG.java:293)
at org.testng.remote.RemoteTestNG.main(RemoteTestNG.java:91)
]]>
            </full-stacktrace>
          </exception> <!-- org.openqa.selenium.NoSuchElementException -->
          <reporter-output>
          </reporter-output>
        </test-method> <!-- verifyLoginwithInValiddata -->
        <test-method is-config="true" signature="closebrowser()[pri:0, instance:testcases.Verifylogin@48c76607]" started-at="2025-03-26T11:52:33 IST" name="closebrowser" finished-at="2025-03-26T11:52:34 IST" duration-ms="207" status="PASS">
          <reporter-output>
          </reporter-output>
        </test-method> <!-- closebrowser -->
        <test-method is-config="true" signature="launchbrowserandopenURL()[pri:0, instance:testcases.Verifylogin@48c76607]" started-at="2025-03-26T11:52:34 IST" name="launchbrowserandopenURL" finished-at="2025-03-26T11:52:36 IST" duration-ms="2007" status="PASS">
          <reporter-output>
          </reporter-output>
        </test-method> <!-- launchbrowserandopenURL -->
        <test-method signature="verifyLoginwithValiddata()[pri:0, instance:testcases.Verifylogin@48c76607]" started-at="2025-03-26T11:52:36 IST" name="verifyLoginwithValiddata" finished-at="2025-03-26T11:52:38 IST" duration-ms="1827" status="PASS">
          <reporter-output>
          </reporter-output>
        </test-method> <!-- verifyLoginwithValiddata -->
        <test-method is-config="true" signature="closebrowser()[pri:0, instance:testcases.Verifylogin@48c76607]" started-at="2025-03-26T11:52:38 IST" name="closebrowser" finished-at="2025-03-26T11:52:38 IST" duration-ms="299" status="PASS">
          <reporter-output>
          </reporter-output>
        </test-method> <!-- closebrowser -->
      </class> <!-- testcases.Verifylogin -->
      <class name="testcases.Verifyregistration">
        <test-method is-config="true" signature="launchbrowserandopenURL()[pri:0, instance:testcases.Verifyregistration@3e44f2a5]" started-at="2025-03-26T11:52:18 IST" name="launchbrowserandopenURL" finished-at="2025-03-26T11:52:21 IST" duration-ms="2474" status="PASS">
          <reporter-output>
          </reporter-output>
        </test-method> <!-- launchbrowserandopenURL -->
        <test-method signature="verifyRegistrationwithBlankdata()[pri:0, instance:testcases.Verifyregistration@3e44f2a5]" started-at="2025-03-26T11:52:21 IST" name="verifyRegistrationwithBlankdata" finished-at="2025-03-26T11:52:24 IST" duration-ms="3024" status="PASS">
          <reporter-output>
          </reporter-output>
        </test-method> <!-- verifyRegistrationwithBlankdata -->
        <test-method is-config="true" signature="closebrowser()[pri:0, instance:testcases.Verifyregistration@3e44f2a5]" started-at="2025-03-26T11:52:24 IST" name="closebrowser" finished-at="2025-03-26T11:52:24 IST" duration-ms="323" status="PASS">
          <reporter-output>
          </reporter-output>
        </test-method> <!-- closebrowser -->
        <test-method is-config="true" signature="launchbrowserandopenURL()[pri:0, instance:testcases.Verifyregistration@3e44f2a5]" started-at="2025-03-26T11:52:24 IST" name="launchbrowserandopenURL" finished-at="2025-03-26T11:52:26 IST" duration-ms="1900" status="PASS">
          <reporter-output>
          </reporter-output>
        </test-method> <!-- launchbrowserandopenURL -->
        <test-method signature="verifyRegistrationwithValiddata()[pri:0, instance:testcases.Verifyregistration@3e44f2a5]" started-at="2025-03-26T11:52:26 IST" name="verifyRegistrationwithValiddata" finished-at="2025-03-26T11:52:30 IST" duration-ms="3818" status="PASS">
          <reporter-output>
          </reporter-output>
        </test-method> <!-- verifyRegistrationwithValiddata -->
        <test-method is-config="true" signature="closebrowser()[pri:0, instance:testcases.Verifyregistration@3e44f2a5]" started-at="2025-03-26T11:52:30 IST" name="closebrowser" finished-at="2025-03-26T11:52:30 IST" duration-ms="347" status="PASS">
          <reporter-output>
          </reporter-output>
        </test-method> <!-- closebrowser -->
      </class> <!-- testcases.Verifyregistration -->
    </test> <!-- Test -->
  </suite> <!-- Suite -->
</testng-results>
