<?xml version="1.0" encoding="UTF-8"?>
<testng-results ignored="2" total="6" passed="3" failed="1" skipped="0">
  <reporter-output>
  </reporter-output>
  <suite started-at="2024-09-09T00:26:19 IST" name="Suite" finished-at="2024-09-09T00:26:38 IST" duration-ms="19424">
    <groups>
    </groups>
    <test started-at="2024-09-09T00:26:19 IST" name="Test" finished-at="2024-09-09T00:26:38 IST" duration-ms="19424">
      <class name="testcases.verifyregistration">
        <test-method is-config="true" signature="ExtentReport()[pri:0, instance:testcases.verifyregistration@5158b42f]" started-at="2024-09-09T00:26:18 IST" name="ExtentReport" finished-at="2024-09-09T00:26:19 IST" duration-ms="349" status="PASS">
          <reporter-output>
          </reporter-output>
        </test-method> <!-- ExtentReport -->
        <test-method is-config="true" signature="launchbrowserandOpenURL()[pri:0, instance:testcases.verifyregistration@5158b42f]" started-at="2024-09-09T00:26:19 IST" name="launchbrowserandOpenURL" finished-at="2024-09-09T00:26:23 IST" duration-ms="4377" status="PASS">
          <reporter-output>
          </reporter-output>
        </test-method> <!-- launchbrowserandOpenURL -->
        <test-method signature="verifyregistrationwithBlanktestdata()[pri:0, instance:testcases.verifyregistration@5158b42f]" started-at="2024-09-09T00:26:23 IST" name="verifyregistrationwithBlanktestdata" finished-at="2024-09-09T00:26:24 IST" duration-ms="1017" status="PASS">
          <reporter-output>
          </reporter-output>
        </test-method> <!-- verifyregistrationwithBlanktestdata -->
        <test-method is-config="true" signature="closeBrowser()[pri:0, instance:testcases.verifyregistration@5158b42f]" started-at="2024-09-09T00:26:24 IST" name="closeBrowser" finished-at="2024-09-09T00:26:24 IST" duration-ms="357" status="PASS">
          <reporter-output>
          </reporter-output>
        </test-method> <!-- closeBrowser -->
        <test-method is-config="true" signature="launchbrowserandOpenURL()[pri:0, instance:testcases.verifyregistration@5158b42f]" started-at="2024-09-09T00:26:24 IST" name="launchbrowserandOpenURL" finished-at="2024-09-09T00:26:27 IST" duration-ms="2535" status="PASS">
          <reporter-output>
          </reporter-output>
        </test-method> <!-- launchbrowserandOpenURL -->
        <test-method signature="verifyregistrationwithvalidtestdata()[pri:0, instance:testcases.verifyregistration@5158b42f]" started-at="2024-09-09T00:26:27 IST" name="verifyregistrationwithvalidtestdata" finished-at="2024-09-09T00:26:29 IST" duration-ms="2310" status="PASS">
          <reporter-output>
          </reporter-output>
        </test-method> <!-- verifyregistrationwithvalidtestdata -->
        <test-method is-config="true" signature="closeBrowser()[pri:0, instance:testcases.verifyregistration@5158b42f]" started-at="2024-09-09T00:26:29 IST" name="closeBrowser" finished-at="2024-09-09T00:26:29 IST" duration-ms="181" status="PASS">
          <reporter-output>
          </reporter-output>
        </test-method> <!-- closeBrowser -->
        <test-method is-config="true" signature="endReport()[pri:0, instance:testcases.verifyregistration@5158b42f]" started-at="2024-09-09T00:26:38 IST" name="endReport" finished-at="2024-09-09T00:26:39 IST" duration-ms="420" status="PASS">
          <reporter-output>
          </reporter-output>
        </test-method> <!-- endReport -->
      </class> <!-- testcases.verifyregistration -->
      <class name="testcases.verifylogin">
        <test-method is-config="true" signature="launchbrowserandOpenURL()[pri:0, instance:testcases.verifylogin@35cabb2a]" started-at="2024-09-09T00:26:29 IST" name="launchbrowserandOpenURL" finished-at="2024-09-09T00:26:31 IST" duration-ms="1562" status="PASS">
          <reporter-output>
          </reporter-output>
        </test-method> <!-- launchbrowserandOpenURL -->
        <test-method signature="verifyLoginwithInvalidtestdata()[pri:0, instance:testcases.verifylogin@35cabb2a]" started-at="2024-09-09T00:26:31 IST" name="verifyLoginwithInvalidtestdata" finished-at="2024-09-09T00:26:33 IST" duration-ms="2296" status="PASS">
          <reporter-output>
          </reporter-output>
        </test-method> <!-- verifyLoginwithInvalidtestdata -->
        <test-method is-config="true" signature="closeBrowser()[pri:0, instance:testcases.verifylogin@35cabb2a]" started-at="2024-09-09T00:26:33 IST" name="closeBrowser" finished-at="2024-09-09T00:26:34 IST" duration-ms="244" status="PASS">
          <reporter-output>
          </reporter-output>
        </test-method> <!-- closeBrowser -->
        <test-method is-config="true" signature="launchbrowserandOpenURL()[pri:0, instance:testcases.verifylogin@35cabb2a]" started-at="2024-09-09T00:26:34 IST" name="launchbrowserandOpenURL" finished-at="2024-09-09T00:26:36 IST" duration-ms="2744" status="PASS">
          <reporter-output>
          </reporter-output>
        </test-method> <!-- launchbrowserandOpenURL -->
        <test-method signature="verifyLoginwithvalidtestdata()[pri:0, instance:testcases.verifylogin@35cabb2a]" started-at="2024-09-09T00:26:36 IST" name="verifyLoginwithvalidtestdata" finished-at="2024-09-09T00:26:38 IST" duration-ms="1328" status="FAIL">
          <exception class="org.openqa.selenium.NoSuchElementException">
            <message>
              <![CDATA[no such element: Unable to locate element: {"method":"xpath","selector":"(//a[text()='Logot'])[1]"}
  (Session info: chrome=128.0.6613.120)
For documentation on this error, please visit: https://www.selenium.dev/documentation/webdriver/troubleshooting/errors#no-such-element-exception
Build info: version: '4.23.0', revision: '4df0a231af'
System info: os.name: 'Windows 11', os.arch: 'amd64', os.version: '10.0', java.version: '21.0.3'
Driver info: org.openqa.selenium.chrome.ChromeDriver
Command: [3ceefb45fd2edd783b7e431a4fb20a2d, findElement {using=xpath, value=(//a[text()='Logot'])[1]}]
Capabilities {acceptInsecureCerts: false, browserName: chrome, browserVersion: 128.0.6613.120, chrome: {chromedriverVersion: 128.0.6613.119 (6e439cfca4d..., userDataDir: C:\Users\sayli\AppData\Loca...}, fedcm:accounts: true, goog:chromeOptions: {debuggerAddress: localhost:56973}, networkConnectionEnabled: false, pageLoadStrategy: normal, platformName: windows, proxy: Proxy(), se:cdp: ws://localhost:56973/devtoo..., se:cdpVersion: 128.0.6613.120, setWindowRect: true, strictFileInteractability: false, timeouts: {implicit: 0, pageLoad: 300000, script: 30000}, unhandledPromptBehavior: dismiss and notify, webauthn:extension:credBlob: true, webauthn:extension:largeBlob: true, webauthn:extension:minPinLength: true, webauthn:extension:prf: true, webauthn:virtualAuthenticators: true}
Session ID: 3ceefb45fd2edd783b7e431a4fb20a2d]]>
            </message>
            <full-stacktrace>
              <![CDATA[org.openqa.selenium.NoSuchElementException: no such element: Unable to locate element: {"method":"xpath","selector":"(//a[text()='Logot'])[1]"}
  (Session info: chrome=128.0.6613.120)
For documentation on this error, please visit: https://www.selenium.dev/documentation/webdriver/troubleshooting/errors#no-such-element-exception
Build info: version: '4.23.0', revision: '4df0a231af'
System info: os.name: 'Windows 11', os.arch: 'amd64', os.version: '10.0', java.version: '21.0.3'
Driver info: org.openqa.selenium.chrome.ChromeDriver
Command: [3ceefb45fd2edd783b7e431a4fb20a2d, findElement {using=xpath, value=(//a[text()='Logot'])[1]}]
Capabilities {acceptInsecureCerts: false, browserName: chrome, browserVersion: 128.0.6613.120, chrome: {chromedriverVersion: 128.0.6613.119 (6e439cfca4d..., userDataDir: C:\Users\sayli\AppData\Loca...}, fedcm:accounts: true, goog:chromeOptions: {debuggerAddress: localhost:56973}, networkConnectionEnabled: false, pageLoadStrategy: normal, platformName: windows, proxy: Proxy(), se:cdp: ws://localhost:56973/devtoo..., se:cdpVersion: 128.0.6613.120, setWindowRect: true, strictFileInteractability: false, timeouts: {implicit: 0, pageLoad: 300000, script: 30000}, unhandledPromptBehavior: dismiss and notify, webauthn:extension:credBlob: true, webauthn:extension:largeBlob: true, webauthn:extension:minPinLength: true, webauthn:extension:prf: true, webauthn:virtualAuthenticators: true}
Session ID: 3ceefb45fd2edd783b7e431a4fb20a2d
at java.base/jdk.internal.reflect.DirectConstructorHandleAccessor.newInstance(DirectConstructorHandleAccessor.java:62)
at java.base/java.lang.reflect.Constructor.newInstanceWithCaller(Constructor.java:502)
at java.base/java.lang.reflect.Constructor.newInstance(Constructor.java:486)
at org.openqa.selenium.remote.ErrorCodec.decode(ErrorCodec.java:167)
at org.openqa.selenium.remote.codec.w3c.W3CHttpResponseCodec.decode(W3CHttpResponseCodec.java:138)
at org.openqa.selenium.remote.codec.w3c.W3CHttpResponseCodec.decode(W3CHttpResponseCodec.java:50)
at org.openqa.selenium.remote.HttpCommandExecutor.execute(HttpCommandExecutor.java:190)
at org.openqa.selenium.remote.service.DriverCommandExecutor.invokeExecute(DriverCommandExecutor.java:216)
at org.openqa.selenium.remote.service.DriverCommandExecutor.execute(DriverCommandExecutor.java:174)
at org.openqa.selenium.remote.RemoteWebDriver.execute(RemoteWebDriver.java:527)
at org.openqa.selenium.remote.ElementLocation$ElementFinder$2.findElement(ElementLocation.java:165)
at org.openqa.selenium.remote.ElementLocation.findElement(ElementLocation.java:59)
at org.openqa.selenium.remote.RemoteWebDriver.findElement(RemoteWebDriver.java:357)
at org.openqa.selenium.remote.RemoteWebDriver.findElement(RemoteWebDriver.java:351)
at Pageobjectmodel.Loginpageobjects.clickonLogout(Loginpageobjects.java:43)
at testcases.verifylogin.verifyLoginwithvalidtestdata(verifylogin.java:33)
at java.base/jdk.internal.reflect.DirectMethodHandleAccessor.invoke(DirectMethodHandleAccessor.java:103)
at java.base/java.lang.reflect.Method.invoke(Method.java:580)
at org.testng.internal.MethodInvocationHelper.invokeMethod(MethodInvocationHelper.java:133)
at org.testng.internal.TestInvoker.invokeMethod(TestInvoker.java:598)
at org.testng.internal.TestInvoker.invokeTestMethod(TestInvoker.java:173)
at org.testng.internal.MethodRunner.runInSequence(MethodRunner.java:46)
at org.testng.internal.TestInvoker$MethodInvocationAgent.invoke(TestInvoker.java:824)
at org.testng.internal.TestInvoker.invokeTestMethods(TestInvoker.java:146)
at org.testng.internal.TestMethodWorker.invokeTestMethods(TestMethodWorker.java:146)
at org.testng.internal.TestMethodWorker.run(TestMethodWorker.java:128)
at java.base/java.util.ArrayList.forEach(ArrayList.java:1596)
at org.testng.TestRunner.privateRun(TestRunner.java:794)
at org.testng.TestRunner.run(TestRunner.java:596)
at org.testng.SuiteRunner.runTest(SuiteRunner.java:377)
at org.testng.SuiteRunner.runSequentially(SuiteRunner.java:371)
at org.testng.SuiteRunner.privateRun(SuiteRunner.java:332)
at org.testng.SuiteRunner.run(SuiteRunner.java:276)
at org.testng.SuiteRunnerWorker.runSuite(SuiteRunnerWorker.java:53)
at org.testng.SuiteRunnerWorker.run(SuiteRunnerWorker.java:96)
at org.testng.TestNG.runSuitesSequentially(TestNG.java:1212)
at org.testng.TestNG.runSuitesLocally(TestNG.java:1134)
at org.testng.TestNG.runSuites(TestNG.java:1063)
at org.testng.TestNG.run(TestNG.java:1031)
at org.testng.remote.AbstractRemoteTestNG.run(AbstractRemoteTestNG.java:115)
at org.testng.remote.RemoteTestNG.initAndRun(RemoteTestNG.java:293)
at org.testng.remote.RemoteTestNG.main(RemoteTestNG.java:91)
]]>
            </full-stacktrace>
          </exception> <!-- org.openqa.selenium.NoSuchElementException -->
          <reporter-output>
          </reporter-output>
        </test-method> <!-- verifyLoginwithvalidtestdata -->
        <test-method is-config="true" signature="closeBrowser()[pri:0, instance:testcases.verifylogin@35cabb2a]" started-at="2024-09-09T00:26:38 IST" name="closeBrowser" finished-at="2024-09-09T00:26:38 IST" duration-ms="291" status="PASS">
          <reporter-output>
          </reporter-output>
        </test-method> <!-- closeBrowser -->
      </class> <!-- testcases.verifylogin -->
    </test> <!-- Test -->
  </suite> <!-- Suite -->
</testng-results>
